<?xml version='1.0' encoding='UTF-8'?>
<contenttype name="user"><permissions><permission><field name="role">bungeni.Owner</field><field name="user">clerk.P1_01</field><field name="permission">Allow</field></permission></permissions><field name="first_name">clerk</field><field name="last_name">P1_01</field><field name="user_id">5</field><field name="description">&lt;div style="text-align: justify;"&gt;biographical notes biographical notes &lt;strong&gt;biographical notes&lt;/strong&gt; biographical notes biographical notes biographical notes biographical notes biographical notes biographical notes biographical notes biographical notes biographical notes biographical notes biographical notes biographical notes

biographical notes biographical notes biographical notes biographical notes biographical notes"
&lt;/div&gt;&lt;ol style="text-align: justify;"&gt;&lt;li&gt;&lt;em&gt;biographical notes biographical notes biographical notes&lt;/em&gt;&lt;/li&gt;&lt;li&gt;&lt;em&gt;biographical notes biographical notes biographical notes biographical notes biographical notes 
&lt;/em&gt;&lt;/li&gt;&lt;li&gt;&lt;em&gt;biographical notes&lt;/em&gt;&lt;/li&gt;&lt;li&gt;&lt;em&gt;biographical notes biographical notes 
&lt;/em&gt;&lt;/li&gt;&lt;li&gt;&lt;em&gt;biographical notes biographical notes biographical notes biographical notes biographical notes biographical notes biographical notes biographical notes biographical notes biographical notes biographical notes biographical notes&lt;/em&gt;&lt;/li&gt;&lt;/ol&gt;&lt;div style="text-align: justify;"&gt;&lt;span style="text-decoration: underline;"&gt;biographical notes biographical notes biographical notes biographical notes biographical notes biographical notes biographical notes biographical notes biographical notes biographical notes biographical notes biographical notes biographical notes &lt;/span&gt;

biographical notes biographical notes biographical notes biographical notes biographical notes biographical notes biographical notes biographical notes biographical notes biographical notes biographical notes biographical notes biographical notes biographical notes biographical notes biographical notes biographical notes biographical notes biographical notes biographical notes biographical notes biographical notes biographical notes biographical notes biographical notes biographical notes biographical notes biographical notes biographical notes biographical notes biographical notes biographical notes biographical notes biographical notes

&lt;span style="color: rgb(255, 0, 0);"&gt;biographical notes biographical notes biographical notes biographical notes biographical notes biographical notes biographical notes biographical notes biographical notes biographical notes biographical notes biographical notes biographical notes&lt;/span&gt; biographical notes biographical notes biographical notes biographical notes biographical notes biographical notes biographical notes biographical notes biographical notes biographical notes biographical notes biographical notes biographical notes biographical notes biographical notes biographical notes biographical notes biographical notes &lt;/div&gt;</field><field name="language">en</field><subscriptions /><field name="gender">F</field><field name="active_p">A</field><user_addresses /><field name="date_of_birth">1900-02-02</field><field name="titles">Mrs</field><field name="birth_country">KE</field><field name="national_id">1234567890</field><field name="receive_notification">True</field><field name="login">clerk.P1_01</field><field name="password">356aae9fe6bef08edf7801bc2b3ec5e0</field><field name="salt">NXDagdMxylZq</field><field name="email">user@bungeni.org</field><field name="birth_nationality">KE</field><field name="current_nationality">KE</field></contenttype>