<?xml version="1.0" encoding="UTF-8"?>
<root>
    <change-start id="1" />this is some text<change-end id="1"><change-start id="2" />ashok new text<change-end id="2" />
</root>